Problem: TSG_0.txt
Number of nodes: 82800
Number of arcs: 197587
Optimal cost: 1200
Solution flow:
2 --> 232: 1
232 --> 462: 1
462 --> 854: 1
854 --> 1246: 1
1246 --> 1638: 1
1638 --> 2030: 1
2030 --> 2422: 1
2422 --> 2814: 1
2814 --> 3206: 1
3206 --> 3598: 1
3598 --> 3990: 1
3990 --> 4382: 1
4382 --> 4762: 1
4762 --> 5154: 1
5154 --> 5546: 1
5546 --> 5776: 1
5776 --> 6006: 1
6006 --> 6398: 1
6398 --> 6790: 1
6790 --> 7182: 1
7182 --> 7574: 1
7574 --> 7966: 1
7966 --> 8358: 1
8358 --> 8756: 1
8756 --> 82800: 1
